<?xml version="1.0" encoding="UTF-8"?>
<!-- Generated by org.testng.reporters.JUnitXMLReporter -->
<testsuite ignored="0" hostname="DESKTOP-UMO9Q3S" failures="0" tests="3" name="Default test" time="30.324" errors="0" timestamp="2023-10-03T23:16:54 IST">
  <testcase classname="project3_SwagLabs.SwagLabs_SauceDemo.TestCases" name="TC1" time="3.142"/>
  <testcase classname="project3_SwagLabs.SwagLabs_SauceDemo.TestCases" name="TC2" time="0.604"/>
  <testcase classname="project3_SwagLabs.SwagLabs_SauceDemo.TestCases" name="TC3" time="1.153"/>
</testsuite> <!-- Default test -->
