<?xml version="1.0" encoding="UTF-8"?>
<testng-results ignored="0" total="1" passed="1" failed="0" skipped="0">
  <reporter-output>
  </reporter-output>
  <suite started-at="2023-10-03T22:50:55 IST" name="Default suite" finished-at="2023-10-03T22:51:03 IST" duration-ms="8205">
    <groups>
    </groups>
    <test started-at="2023-10-03T22:50:55 IST" name="Default test" finished-at="2023-10-03T22:51:03 IST" duration-ms="8205">
      <class name="project3_SwagLabs.SwagLabs_SauceDemo.TestCases">
        <test-method is-config="true" signature="startBrowser()[pri:0, instance:project3_SwagLabs.SwagLabs_SauceDemo.TestCases@3c7f66c4]" started-at="2023-10-03T22:50:55 IST" name="startBrowser" finished-at="2023-10-03T22:51:02 IST" duration-ms="7057" status="PASS">
          <reporter-output>
          </reporter-output>
        </test-method> <!-- startBrowser -->
        <test-method signature="TC3(java.lang.String,java.lang.String)[pri:3, instance:project3_SwagLabs.SwagLabs_SauceDemo.TestCases@3c7f66c4]" started-at="2023-10-03T22:51:02 IST" name="TC3" data-provider="dataData2" finished-at="2023-10-03T22:51:03 IST" duration-ms="837" status="PASS">
          <params>
            <param index="0">
              <value>
                <![CDATA[standard_user]]>
              </value>
            </param>
            <param index="1">
              <value>
                <![CDATA[secret_sauce]]>
              </value>
            </param>
          </params>
          <reporter-output>
          </reporter-output>
        </test-method> <!-- TC3 -->
        <test-method is-config="true" signature="closeBrowser()[pri:0, instance:project3_SwagLabs.SwagLabs_SauceDemo.TestCases@3c7f66c4]" started-at="2023-10-03T22:51:03 IST" name="closeBrowser" finished-at="2023-10-03T22:51:03 IST" duration-ms="276" status="PASS">
          <reporter-output>
          </reporter-output>
        </test-method> <!-- closeBrowser -->
      </class> <!-- project3_SwagLabs.SwagLabs_SauceDemo.TestCases -->
    </test> <!-- Default test -->
  </suite> <!-- Default suite -->
</testng-results>
