<?xml version="1.0" encoding="UTF-8"?>
<testng-results ignored="0" total="3" passed="3" failed="0" skipped="0">
  <reporter-output>
  </reporter-output>
  <suite started-at="2023-10-03T23:16:23 IST" name="Default suite" finished-at="2023-10-03T23:16:54 IST" duration-ms="30324">
    <groups>
    </groups>
    <test started-at="2023-10-03T23:16:23 IST" name="Default test" finished-at="2023-10-03T23:16:54 IST" duration-ms="30324">
      <class name="project3_SwagLabs.SwagLabs_SauceDemo.TestCases">
        <test-method is-config="true" signature="startBrowser()[pri:0, instance:project3_SwagLabs.SwagLabs_SauceDemo.TestCases@434a63ab]" started-at="2023-10-03T23:16:23 IST" name="startBrowser" finished-at="2023-10-03T23:16:34 IST" duration-ms="10969" status="PASS">
          <reporter-output>
          </reporter-output>
        </test-method> <!-- startBrowser -->
        <test-method signature="TC1(java.lang.String,java.lang.String,java.lang.String,java.lang.String,java.lang.String)[pri:1, instance:project3_SwagLabs.SwagLabs_SauceDemo.TestCases@434a63ab]" started-at="2023-10-03T23:16:34 IST" name="TC1" data-provider="dataData" finished-at="2023-10-03T23:16:38 IST" duration-ms="3142" status="PASS">
          <params>
            <param index="0">
              <value>
                <![CDATA[standard_user]]>
              </value>
            </param>
            <param index="1">
              <value>
                <![CDATA[secret_sauce]]>
              </value>
            </param>
            <param index="2">
              <value>
                <![CDATA[Excel]]>
              </value>
            </param>
            <param index="3">
              <value>
                <![CDATA[RRRR]]>
              </value>
            </param>
            <param index="4">
              <value>
                <![CDATA[454545]]>
              </value>
            </param>
          </params>
          <reporter-output>
          </reporter-output>
        </test-method> <!-- TC1 -->
        <test-method is-config="true" signature="closeBrowser()[pri:0, instance:project3_SwagLabs.SwagLabs_SauceDemo.TestCases@434a63ab]" started-at="2023-10-03T23:16:38 IST" name="closeBrowser" finished-at="2023-10-03T23:16:39 IST" duration-ms="889" status="PASS">
          <reporter-output>
          </reporter-output>
        </test-method> <!-- closeBrowser -->
        <test-method is-config="true" signature="startBrowser()[pri:0, instance:project3_SwagLabs.SwagLabs_SauceDemo.TestCases@434a63ab]" started-at="2023-10-03T23:16:39 IST" name="startBrowser" finished-at="2023-10-03T23:16:45 IST" duration-ms="6801" status="PASS">
          <reporter-output>
          </reporter-output>
        </test-method> <!-- startBrowser -->
        <test-method signature="TC2(java.lang.String,java.lang.String)[pri:2, instance:project3_SwagLabs.SwagLabs_SauceDemo.TestCases@434a63ab]" started-at="2023-10-03T23:16:45 IST" name="TC2" data-provider="dataData2" finished-at="2023-10-03T23:16:46 IST" duration-ms="604" status="PASS">
          <params>
            <param index="0">
              <value>
                <![CDATA[standard_user]]>
              </value>
            </param>
            <param index="1">
              <value>
                <![CDATA[secret_sauce]]>
              </value>
            </param>
          </params>
          <reporter-output>
          </reporter-output>
        </test-method> <!-- TC2 -->
        <test-method is-config="true" signature="closeBrowser()[pri:0, instance:project3_SwagLabs.SwagLabs_SauceDemo.TestCases@434a63ab]" started-at="2023-10-03T23:16:46 IST" name="closeBrowser" finished-at="2023-10-03T23:16:46 IST" duration-ms="277" status="PASS">
          <reporter-output>
          </reporter-output>
        </test-method> <!-- closeBrowser -->
        <test-method is-config="true" signature="startBrowser()[pri:0, instance:project3_SwagLabs.SwagLabs_SauceDemo.TestCases@434a63ab]" started-at="2023-10-03T23:16:46 IST" name="startBrowser" finished-at="2023-10-03T23:16:52 IST" duration-ms="6074" status="PASS">
          <reporter-output>
          </reporter-output>
        </test-method> <!-- startBrowser -->
        <test-method signature="TC3(java.lang.String,java.lang.String)[pri:3, instance:project3_SwagLabs.SwagLabs_SauceDemo.TestCases@434a63ab]" started-at="2023-10-03T23:16:52 IST" name="TC3" data-provider="dataData2" finished-at="2023-10-03T23:16:53 IST" duration-ms="1153" status="PASS">
          <params>
            <param index="0">
              <value>
                <![CDATA[standard_user]]>
              </value>
            </param>
            <param index="1">
              <value>
                <![CDATA[secret_sauce]]>
              </value>
            </param>
          </params>
          <reporter-output>
          </reporter-output>
        </test-method> <!-- TC3 -->
        <test-method is-config="true" signature="closeBrowser()[pri:0, instance:project3_SwagLabs.SwagLabs_SauceDemo.TestCases@434a63ab]" started-at="2023-10-03T23:16:53 IST" name="closeBrowser" finished-at="2023-10-03T23:16:54 IST" duration-ms="309" status="PASS">
          <reporter-output>
          </reporter-output>
        </test-method> <!-- closeBrowser -->
      </class> <!-- project3_SwagLabs.SwagLabs_SauceDemo.TestCases -->
    </test> <!-- Default test -->
  </suite> <!-- Default suite -->
</testng-results>
